c:\users\александр\downloads\arcanoid dlya sanecheka\arcanoid\arcanoid\x64\debug\vc142.pdb
c:\users\александр\downloads\arcanoid dlya sanecheka\arcanoid\arcanoid\x64\debug\vc142.idb
c:\users\александр\downloads\arcanoid dlya sanecheka\arcanoid\arcanoid\x64\debug\main.obj
c:\users\александр\desktop\coursework-main\arcanoid\x64\debug\vc142.pdb
c:\users\александр\desktop\coursework-main\arcanoid\x64\debug\vc142.idb
c:\users\александр\desktop\coursework-main\arcanoid\x64\debug\main.obj
c:\users\александр\downloads\arcanoid dlya sanecheka\arcanoid\arcanoid\x64\debug\arcanoid.ilk
c:\users\александр\downloads\arcanoid dlya sanecheka\arcanoid\x64\debug\arcanoid.exe
c:\users\александр\downloads\arcanoid dlya sanecheka\arcanoid\x64\debug\arcanoid.pdb
c:\users\александр\desktop\coursework-main\x64\debug\arcanoid.exe
c:\users\александр\desktop\coursework-main\arcanoid\x64\debug\arcanoid.ilk
c:\users\александр\desktop\coursework-main\x64\debug\arcanoid.pdb
c:\users\александр\desktop\coursework-main\arcanoid\x64\debug\vc143.idb
c:\users\александр\desktop\coursework-main\arcanoid\x64\debug\vc143.pdb
c:\users\александр\desktop\coursework-main\arcanoid\x64\debug\arcanoid.tlog\cl.command.1.tlog
c:\users\александр\desktop\coursework-main\arcanoid\x64\debug\arcanoid.tlog\cl.read.1.tlog
c:\users\александр\desktop\coursework-main\arcanoid\x64\debug\arcanoid.tlog\cl.write.1.tlog
c:\users\александр\desktop\coursework-main\arcanoid\x64\debug\arcanoid.tlog\link.command.1.tlog
c:\users\александр\desktop\coursework-main\arcanoid\x64\debug\arcanoid.tlog\link.read.1.tlog
c:\users\александр\desktop\coursework-main\arcanoid\x64\debug\arcanoid.tlog\link.write.1.tlog
